[0.588s] Invoking command in '/root/ws/src/py_pubsub': PYTHONPATH=/root/ws/build/py_pubsub/prefix_override:/usr/lib/python3/dist-packages/colcon_core/task/python/colcon_distutils_commands:/root/ws/install/py_pubsub/lib/python3.10/site-packages:${PYTHONPATH} /usr/bin/python3 -W ignore:setup.py install is deprecated -W ignore:easy_install command is deprecated setup.py egg_info --egg-base ../../build/py_pubsub build --build-base /root/ws/build/py_pubsub/build install --record /root/ws/build/py_pubsub/install.log --single-version-externally-managed install_data
[0.797s] running egg_info
[0.797s] writing ../../build/py_pubsub/py_pubsub.egg-info/PKG-INFO
[0.798s] writing dependency_links to ../../build/py_pubsub/py_pubsub.egg-info/dependency_links.txt
[0.798s] writing entry points to ../../build/py_pubsub/py_pubsub.egg-info/entry_points.txt
[0.798s] writing requirements to ../../build/py_pubsub/py_pubsub.egg-info/requires.txt
[0.798s] writing top-level names to ../../build/py_pubsub/py_pubsub.egg-info/top_level.txt
[0.800s] reading manifest file '../../build/py_pubsub/py_pubsub.egg-info/SOURCES.txt'
[0.801s] writing manifest file '../../build/py_pubsub/py_pubsub.egg-info/SOURCES.txt'
[0.802s] running build
[0.802s] running build_py
[0.802s] copying py_pubsub/number_publisher.py -> /root/ws/build/py_pubsub/build/lib/py_pubsub
[0.802s] copying py_pubsub/square_subscriber.py -> /root/ws/build/py_pubsub/build/lib/py_pubsub
[0.802s] running install
[0.803s] running install_lib
[0.804s] copying /root/ws/build/py_pubsub/build/lib/py_pubsub/number_publisher.py -> /root/ws/install/py_pubsub/lib/python3.10/site-packages/py_pubsub
[0.804s] copying /root/ws/build/py_pubsub/build/lib/py_pubsub/square_subscriber.py -> /root/ws/install/py_pubsub/lib/python3.10/site-packages/py_pubsub
[0.805s] byte-compiling /root/ws/install/py_pubsub/lib/python3.10/site-packages/py_pubsub/number_publisher.py to number_publisher.cpython-310.pyc
[0.807s] byte-compiling /root/ws/install/py_pubsub/lib/python3.10/site-packages/py_pubsub/square_subscriber.py to square_subscriber.cpython-310.pyc
[0.807s] running install_data
[0.808s] creating /root/ws/install/py_pubsub/share/py_pubsub/launch
[0.808s] copying launch/py_pubsub_launch.py -> /root/ws/install/py_pubsub/share/py_pubsub/launch
[0.808s] running install_egg_info
[0.813s] removing '/root/ws/install/py_pubsub/lib/python3.10/site-packages/py_pubsub-0.0.0-py3.10.egg-info' (and everything under it)
[0.813s] Copying ../../build/py_pubsub/py_pubsub.egg-info to /root/ws/install/py_pubsub/lib/python3.10/site-packages/py_pubsub-0.0.0-py3.10.egg-info
[0.815s] running install_scripts
[0.842s] Installing number_publisher script to /root/ws/install/py_pubsub/lib/py_pubsub
[0.842s] Installing square_subscriber script to /root/ws/install/py_pubsub/lib/py_pubsub
[0.843s] writing list of installed files to '/root/ws/build/py_pubsub/install.log'
[0.882s] Invoked command in '/root/ws/src/py_pubsub' returned '0': PYTHONPATH=/root/ws/build/py_pubsub/prefix_override:/usr/lib/python3/dist-packages/colcon_core/task/python/colcon_distutils_commands:/root/ws/install/py_pubsub/lib/python3.10/site-packages:${PYTHONPATH} /usr/bin/python3 -W ignore:setup.py install is deprecated -W ignore:easy_install command is deprecated setup.py egg_info --egg-base ../../build/py_pubsub build --build-base /root/ws/build/py_pubsub/build install --record /root/ws/build/py_pubsub/install.log --single-version-externally-managed install_data
