[0.595s] Invoking command in '/root/ws/build/py_pubsub': PYTHONPATH=/root/ws/build/py_pubsub/prefix_override:/usr/lib/python3/dist-packages/colcon_core/task/python/colcon_distutils_commands:/root/ws/install/py_pubsub/lib/python3.10/site-packages:${PYTHONPATH} /usr/bin/python3 -W ignore:setup.py install is deprecated -W ignore:easy_install command is deprecated setup.py develop --editable --build-directory /root/ws/build/py_pubsub/build --no-deps symlink_data
[0.837s] running develop
[0.925s] running egg_info
[0.926s] creating py_pubsub.egg-info
[0.926s] writing py_pubsub.egg-info/PKG-INFO
[0.926s] writing dependency_links to py_pubsub.egg-info/dependency_links.txt
[0.926s] writing entry points to py_pubsub.egg-info/entry_points.txt
[0.926s] writing requirements to py_pubsub.egg-info/requires.txt
[0.927s] writing top-level names to py_pubsub.egg-info/top_level.txt
[0.927s] writing manifest file 'py_pubsub.egg-info/SOURCES.txt'
[0.929s] reading manifest file 'py_pubsub.egg-info/SOURCES.txt'
[0.930s] writing manifest file 'py_pubsub.egg-info/SOURCES.txt'
[0.932s] running build_ext
[0.932s] Creating /root/ws/install/py_pubsub/lib/python3.10/site-packages/py-pubsub.egg-link (link to .)
[0.933s] Installing number_publisher script to /root/ws/install/py_pubsub/lib/py_pubsub
[0.933s] Installing square_subscriber script to /root/ws/install/py_pubsub/lib/py_pubsub
[0.934s] 
[0.934s] Installed /root/ws/build/py_pubsub
[0.934s] running symlink_data
[0.934s] creating /root/ws/install/py_pubsub/share/ament_index
[0.934s] creating /root/ws/install/py_pubsub/share/ament_index/resource_index
[0.934s] creating /root/ws/install/py_pubsub/share/ament_index/resource_index/packages
[0.934s] symbolically linking /root/ws/build/py_pubsub/resource/py_pubsub -> /root/ws/install/py_pubsub/share/ament_index/resource_index/packages
[0.934s] symbolically linking /root/ws/build/py_pubsub/package.xml -> /root/ws/install/py_pubsub/share/py_pubsub
[0.979s] Invoked command in '/root/ws/build/py_pubsub' returned '0': PYTHONPATH=/root/ws/build/py_pubsub/prefix_override:/usr/lib/python3/dist-packages/colcon_core/task/python/colcon_distutils_commands:/root/ws/install/py_pubsub/lib/python3.10/site-packages:${PYTHONPATH} /usr/bin/python3 -W ignore:setup.py install is deprecated -W ignore:easy_install command is deprecated setup.py develop --editable --build-directory /root/ws/build/py_pubsub/build --no-deps symlink_data
