[1.051s] Invoking command in '/root/ros2_ws/src/my_bot_description': PYTHONPATH=/root/ros2_ws/build/my_bot_description/prefix_override:/usr/lib/python3/dist-packages/colcon_core/task/python/colcon_distutils_commands:/root/ros2_ws/install/my_bot_description/lib/python3.10/site-packages:${PYTHONPATH} /usr/bin/python3 -W ignore:setup.py install is deprecated -W ignore:easy_install command is deprecated setup.py egg_info --egg-base ../../build/my_bot_description build --build-base /root/ros2_ws/build/my_bot_description/build install --record /root/ros2_ws/build/my_bot_description/install.log --single-version-externally-managed install_data
[1.247s] running egg_info
[1.247s] creating ../../build/my_bot_description/my_bot_description.egg-info
[1.248s] writing ../../build/my_bot_description/my_bot_description.egg-info/PKG-INFO
[1.248s] writing dependency_links to ../../build/my_bot_description/my_bot_description.egg-info/dependency_links.txt
[1.248s] writing requirements to ../../build/my_bot_description/my_bot_description.egg-info/requires.txt
[1.248s] writing top-level names to ../../build/my_bot_description/my_bot_description.egg-info/top_level.txt
[1.248s] writing manifest file '../../build/my_bot_description/my_bot_description.egg-info/SOURCES.txt'
[1.249s] reading manifest file '../../build/my_bot_description/my_bot_description.egg-info/SOURCES.txt'
[1.249s] writing manifest file '../../build/my_bot_description/my_bot_description.egg-info/SOURCES.txt'
[1.249s] running build
[1.249s] running build_py
[1.250s] creating /root/ros2_ws/build/my_bot_description/build
[1.250s] creating /root/ros2_ws/build/my_bot_description/build/lib
[1.250s] creating /root/ros2_ws/build/my_bot_description/build/lib/my_bot_description
[1.250s] copying my_bot_description/__init__.py -> /root/ros2_ws/build/my_bot_description/build/lib/my_bot_description
[1.250s] running install
[1.250s] running install_lib
[1.250s] creating /root/ros2_ws/install/my_bot_description/lib/python3.10/site-packages/my_bot_description
[1.250s] copying /root/ros2_ws/build/my_bot_description/build/lib/my_bot_description/__init__.py -> /root/ros2_ws/install/my_bot_description/lib/python3.10/site-packages/my_bot_description
[1.251s] byte-compiling /root/ros2_ws/install/my_bot_description/lib/python3.10/site-packages/my_bot_description/__init__.py to __init__.cpython-310.pyc
[1.251s] running install_data
[1.251s] creating /root/ros2_ws/install/my_bot_description/share/my_bot_description/urdf
[1.251s] copying urdf/bot.xacro -> /root/ros2_ws/install/my_bot_description/share/my_bot_description/urdf
[1.252s] creating /root/ros2_ws/install/my_bot_description/share/my_bot_description/launch
[1.252s] copying launch/view_model.launch.py -> /root/ros2_ws/install/my_bot_description/share/my_bot_description/launch
[1.252s] copying package.xml -> /root/ros2_ws/install/my_bot_description/share/my_bot_description
[1.252s] running install_egg_info
[1.255s] Copying ../../build/my_bot_description/my_bot_description.egg-info to /root/ros2_ws/install/my_bot_description/lib/python3.10/site-packages/my_bot_description-0.0.0-py3.10.egg-info
[1.256s] running install_scripts
[1.274s] writing list of installed files to '/root/ros2_ws/build/my_bot_description/install.log'
[1.301s] Invoked command in '/root/ros2_ws/src/my_bot_description' returned '0': PYTHONPATH=/root/ros2_ws/build/my_bot_description/prefix_override:/usr/lib/python3/dist-packages/colcon_core/task/python/colcon_distutils_commands:/root/ros2_ws/install/my_bot_description/lib/python3.10/site-packages:${PYTHONPATH} /usr/bin/python3 -W ignore:setup.py install is deprecated -W ignore:easy_install command is deprecated setup.py egg_info --egg-base ../../build/my_bot_description build --build-base /root/ros2_ws/build/my_bot_description/build install --record /root/ros2_ws/build/my_bot_description/install.log --single-version-externally-managed install_data
