[0.990s] Invoking command in '/root/ros2_ws/src/py_pubsub': PYTHONPATH=/root/ros2_ws/build/py_pubsub/prefix_override:/usr/lib/python3/dist-packages/colcon_core/task/python/colcon_distutils_commands:/root/ros2_ws/install/py_pubsub/lib/python3.10/site-packages:${PYTHONPATH} /usr/bin/python3 -W ignore:setup.py install is deprecated -W ignore:easy_install command is deprecated setup.py egg_info --egg-base ../../build/py_pubsub build --build-base /root/ros2_ws/build/py_pubsub/build install --record /root/ros2_ws/build/py_pubsub/install.log --single-version-externally-managed install_data
[1.228s] running egg_info
[1.229s] writing ../../build/py_pubsub/py_pubsub.egg-info/PKG-INFO
[1.229s] writing dependency_links to ../../build/py_pubsub/py_pubsub.egg-info/dependency_links.txt
[1.230s] writing entry points to ../../build/py_pubsub/py_pubsub.egg-info/entry_points.txt
[1.230s] writing requirements to ../../build/py_pubsub/py_pubsub.egg-info/requires.txt
[1.230s] writing top-level names to ../../build/py_pubsub/py_pubsub.egg-info/top_level.txt
[1.231s] reading manifest file '../../build/py_pubsub/py_pubsub.egg-info/SOURCES.txt'
[1.232s] writing manifest file '../../build/py_pubsub/py_pubsub.egg-info/SOURCES.txt'
[1.233s] running build
[1.233s] running build_py
[1.233s] running install
[1.234s] running install_lib
[1.234s] running install_data
[1.235s] running install_egg_info
[1.237s] removing '/root/ros2_ws/install/py_pubsub/lib/python3.10/site-packages/py_pubsub-0.0.0-py3.10.egg-info' (and everything under it)
[1.237s] Copying ../../build/py_pubsub/py_pubsub.egg-info to /root/ros2_ws/install/py_pubsub/lib/python3.10/site-packages/py_pubsub-0.0.0-py3.10.egg-info
[1.239s] running install_scripts
[1.261s] Installing number_publisher script to /root/ros2_ws/install/py_pubsub/lib/py_pubsub
[1.261s] Installing square_subscriber script to /root/ros2_ws/install/py_pubsub/lib/py_pubsub
[1.261s] writing list of installed files to '/root/ros2_ws/build/py_pubsub/install.log'
[1.309s] Invoked command in '/root/ros2_ws/src/py_pubsub' returned '0': PYTHONPATH=/root/ros2_ws/build/py_pubsub/prefix_override:/usr/lib/python3/dist-packages/colcon_core/task/python/colcon_distutils_commands:/root/ros2_ws/install/py_pubsub/lib/python3.10/site-packages:${PYTHONPATH} /usr/bin/python3 -W ignore:setup.py install is deprecated -W ignore:easy_install command is deprecated setup.py egg_info --egg-base ../../build/py_pubsub build --build-base /root/ros2_ws/build/py_pubsub/build install --record /root/ros2_ws/build/py_pubsub/install.log --single-version-externally-managed install_data
