[1.001s] Invoking command in '/root/ros2_ws/src/my_robot': PYTHONPATH=/root/ros2_ws/build/my_robot/prefix_override:/usr/lib/python3/dist-packages/colcon_core/task/python/colcon_distutils_commands:/root/ros2_ws/install/my_robot/lib/python3.10/site-packages:${PYTHONPATH} /usr/bin/python3 -W ignore:setup.py install is deprecated -W ignore:easy_install command is deprecated setup.py egg_info --egg-base ../../build/my_robot build --build-base /root/ros2_ws/build/my_robot/build install --record /root/ros2_ws/build/my_robot/install.log --single-version-externally-managed install_data
[1.245s] running egg_info
[1.245s] writing ../../build/my_robot/my_robot.egg-info/PKG-INFO
[1.245s] writing dependency_links to ../../build/my_robot/my_robot.egg-info/dependency_links.txt
[1.246s] writing entry points to ../../build/my_robot/my_robot.egg-info/entry_points.txt
[1.246s] writing requirements to ../../build/my_robot/my_robot.egg-info/requires.txt
[1.246s] writing top-level names to ../../build/my_robot/my_robot.egg-info/top_level.txt
[1.247s] reading manifest file '../../build/my_robot/my_robot.egg-info/SOURCES.txt'
[1.249s] writing manifest file '../../build/my_robot/my_robot.egg-info/SOURCES.txt'
[1.250s] running build
[1.250s] running build_py
[1.250s] running install
[1.250s] running install_lib
[1.251s] running install_data
[1.251s] copying world/obstacle_world.world -> /root/ros2_ws/install/my_robot/share/my_robot/world
[1.251s] running install_egg_info
[1.253s] removing '/root/ros2_ws/install/my_robot/lib/python3.10/site-packages/my_robot-0.0.1-py3.10.egg-info' (and everything under it)
[1.254s] Copying ../../build/my_robot/my_robot.egg-info to /root/ros2_ws/install/my_robot/lib/python3.10/site-packages/my_robot-0.0.1-py3.10.egg-info
[1.255s] running install_scripts
[1.277s] Installing starter_node script to /root/ros2_ws/install/my_robot/lib/my_robot
[1.277s] Installing stopper_node script to /root/ros2_ws/install/my_robot/lib/my_robot
[1.277s] writing list of installed files to '/root/ros2_ws/build/my_robot/install.log'
[1.335s] Invoked command in '/root/ros2_ws/src/my_robot' returned '0': PYTHONPATH=/root/ros2_ws/build/my_robot/prefix_override:/usr/lib/python3/dist-packages/colcon_core/task/python/colcon_distutils_commands:/root/ros2_ws/install/my_robot/lib/python3.10/site-packages:${PYTHONPATH} /usr/bin/python3 -W ignore:setup.py install is deprecated -W ignore:easy_install command is deprecated setup.py egg_info --egg-base ../../build/my_robot build --build-base /root/ros2_ws/build/my_robot/build install --record /root/ros2_ws/build/my_robot/install.log --single-version-externally-managed install_data
