[0.738s] Invoking command in '/root/ros2_ws/src/my_robot': PYTHONPATH=/root/ros2_ws/src/build/my_robot/prefix_override:/usr/lib/python3/dist-packages/colcon_core/task/python/colcon_distutils_commands:/root/ros2_ws/src/install/my_robot/lib/python3.10/site-packages:${PYTHONPATH} /usr/bin/python3 -W ignore:setup.py install is deprecated -W ignore:easy_install command is deprecated setup.py egg_info --egg-base ../build/my_robot build --build-base /root/ros2_ws/src/build/my_robot/build install --record /root/ros2_ws/src/build/my_robot/install.log --single-version-externally-managed install_data
[1.005s] running egg_info
[1.006s] creating ../build/my_robot/my_robot.egg-info
[1.006s] writing ../build/my_robot/my_robot.egg-info/PKG-INFO
[1.007s] writing dependency_links to ../build/my_robot/my_robot.egg-info/dependency_links.txt
[1.007s] writing entry points to ../build/my_robot/my_robot.egg-info/entry_points.txt
[1.007s] writing requirements to ../build/my_robot/my_robot.egg-info/requires.txt
[1.007s] writing top-level names to ../build/my_robot/my_robot.egg-info/top_level.txt
[1.007s] writing manifest file '../build/my_robot/my_robot.egg-info/SOURCES.txt'
[1.010s] reading manifest file '../build/my_robot/my_robot.egg-info/SOURCES.txt'
[1.011s] writing manifest file '../build/my_robot/my_robot.egg-info/SOURCES.txt'
[1.011s] running build
[1.011s] running build_py
[1.011s] creating /root/ros2_ws/src/build/my_robot/build
[1.011s] creating /root/ros2_ws/src/build/my_robot/build/lib
[1.011s] creating /root/ros2_ws/src/build/my_robot/build/lib/my_robot
[1.011s] copying my_robot/__init__.py -> /root/ros2_ws/src/build/my_robot/build/lib/my_robot
[1.012s] running install
[1.012s] running install_lib
[1.013s] creating /root/ros2_ws/src/install/my_robot/lib/python3.10/site-packages/my_robot
[1.013s] copying /root/ros2_ws/src/build/my_robot/build/lib/my_robot/__init__.py -> /root/ros2_ws/src/install/my_robot/lib/python3.10/site-packages/my_robot
[1.014s] byte-compiling /root/ros2_ws/src/install/my_robot/lib/python3.10/site-packages/my_robot/__init__.py to __init__.cpython-310.pyc
[1.014s] running install_data
[1.015s] creating /root/ros2_ws/src/install/my_robot/share/ament_index
[1.015s] creating /root/ros2_ws/src/install/my_robot/share/ament_index/resource_index
[1.015s] creating /root/ros2_ws/src/install/my_robot/share/ament_index/resource_index/packages
[1.015s] copying resource/my_robot -> /root/ros2_ws/src/install/my_robot/share/ament_index/resource_index/packages
[1.015s] copying package.xml -> /root/ros2_ws/src/install/my_robot/share/my_robot
[1.015s] creating /root/ros2_ws/src/install/my_robot/share/my_robot/launch
[1.015s] copying launch/view_robot.launch.py -> /root/ros2_ws/src/install/my_robot/share/my_robot/launch
[1.015s] creating /root/ros2_ws/src/install/my_robot/share/my_robot/urdf
[1.016s] copying urdf/four_wheel_bot.xacro -> /root/ros2_ws/src/install/my_robot/share/my_robot/urdf
[1.016s] running install_egg_info
[1.018s] Copying ../build/my_robot/my_robot.egg-info to /root/ros2_ws/src/install/my_robot/lib/python3.10/site-packages/my_robot-0.0.1-py3.10.egg-info
[1.020s] running install_scripts
[1.046s] writing list of installed files to '/root/ros2_ws/src/build/my_robot/install.log'
[1.075s] Invoked command in '/root/ros2_ws/src/my_robot' returned '0': PYTHONPATH=/root/ros2_ws/src/build/my_robot/prefix_override:/usr/lib/python3/dist-packages/colcon_core/task/python/colcon_distutils_commands:/root/ros2_ws/src/install/my_robot/lib/python3.10/site-packages:${PYTHONPATH} /usr/bin/python3 -W ignore:setup.py install is deprecated -W ignore:easy_install command is deprecated setup.py egg_info --egg-base ../build/my_robot build --build-base /root/ros2_ws/src/build/my_robot/build install --record /root/ros2_ws/src/build/my_robot/install.log --single-version-externally-managed install_data
