[0.603s] Invoking command in '/root/ws/build/py_pubsub': PYTHONPATH=/root/ws/build/py_pubsub/prefix_override:/usr/lib/python3/dist-packages/colcon_core/task/python/colcon_distutils_commands:/root/ws/install/py_pubsub/lib/python3.10/site-packages:${PYTHONPATH} /usr/bin/python3 -W ignore:setup.py install is deprecated -W ignore:easy_install command is deprecated setup.py develop --uninstall --editable --build-directory /root/ws/build/py_pubsub/build
[0.843s] running develop
[0.932s] Removing /root/ws/install/py_pubsub/lib/python3.10/site-packages/py-pubsub.egg-link (link to .)
[0.980s] Invoked command in '/root/ws/build/py_pubsub' returned '0': PYTHONPATH=/root/ws/build/py_pubsub/prefix_override:/usr/lib/python3/dist-packages/colcon_core/task/python/colcon_distutils_commands:/root/ws/install/py_pubsub/lib/python3.10/site-packages:${PYTHONPATH} /usr/bin/python3 -W ignore:setup.py install is deprecated -W ignore:easy_install command is deprecated setup.py develop --uninstall --editable --build-directory /root/ws/build/py_pubsub/build
[0.983s] Invoking command in '/root/ws/src/py_pubsub': PYTHONPATH=/root/ws/build/py_pubsub/prefix_override:/usr/lib/python3/dist-packages/colcon_core/task/python/colcon_distutils_commands:/root/ws/install/py_pubsub/lib/python3.10/site-packages:${PYTHONPATH} /usr/bin/python3 -W ignore:setup.py install is deprecated -W ignore:easy_install command is deprecated setup.py egg_info --egg-base ../../build/py_pubsub build --build-base /root/ws/build/py_pubsub/build install --record /root/ws/build/py_pubsub/install.log --single-version-externally-managed install_data --force
[1.197s] running egg_info
[1.197s] writing ../../build/py_pubsub/py_pubsub.egg-info/PKG-INFO
[1.197s] writing dependency_links to ../../build/py_pubsub/py_pubsub.egg-info/dependency_links.txt
[1.197s] writing entry points to ../../build/py_pubsub/py_pubsub.egg-info/entry_points.txt
[1.198s] writing requirements to ../../build/py_pubsub/py_pubsub.egg-info/requires.txt
[1.198s] writing top-level names to ../../build/py_pubsub/py_pubsub.egg-info/top_level.txt
[1.200s] reading manifest file '../../build/py_pubsub/py_pubsub.egg-info/SOURCES.txt'
[1.201s] writing manifest file '../../build/py_pubsub/py_pubsub.egg-info/SOURCES.txt'
[1.201s] running build
[1.201s] running build_py
[1.201s] creating /root/ws/build/py_pubsub/build
[1.201s] creating /root/ws/build/py_pubsub/build/lib
[1.201s] creating /root/ws/build/py_pubsub/build/lib/py_pubsub
[1.201s] copying py_pubsub/number_publisher.py -> /root/ws/build/py_pubsub/build/lib/py_pubsub
[1.202s] copying py_pubsub/square_subscriber.py -> /root/ws/build/py_pubsub/build/lib/py_pubsub
[1.202s] copying py_pubsub/__init__.py -> /root/ws/build/py_pubsub/build/lib/py_pubsub
[1.202s] running install
[1.202s] running install_lib
[1.203s] creating /root/ws/install/py_pubsub/lib/python3.10/site-packages/py_pubsub
[1.203s] copying /root/ws/build/py_pubsub/build/lib/py_pubsub/number_publisher.py -> /root/ws/install/py_pubsub/lib/python3.10/site-packages/py_pubsub
[1.203s] copying /root/ws/build/py_pubsub/build/lib/py_pubsub/square_subscriber.py -> /root/ws/install/py_pubsub/lib/python3.10/site-packages/py_pubsub
[1.204s] copying /root/ws/build/py_pubsub/build/lib/py_pubsub/__init__.py -> /root/ws/install/py_pubsub/lib/python3.10/site-packages/py_pubsub
[1.205s] byte-compiling /root/ws/install/py_pubsub/lib/python3.10/site-packages/py_pubsub/number_publisher.py to number_publisher.cpython-310.pyc
[1.205s] byte-compiling /root/ws/install/py_pubsub/lib/python3.10/site-packages/py_pubsub/square_subscriber.py to square_subscriber.cpython-310.pyc
[1.206s] byte-compiling /root/ws/install/py_pubsub/lib/python3.10/site-packages/py_pubsub/__init__.py to __init__.cpython-310.pyc
[1.206s] running install_data
[1.206s] copying resource/py_pubsub -> /root/ws/install/py_pubsub/share/ament_index/resource_index/packages
[1.207s] copying package.xml -> /root/ws/install/py_pubsub/share/py_pubsub
[1.207s] running install_egg_info
[1.210s] Copying ../../build/py_pubsub/py_pubsub.egg-info to /root/ws/install/py_pubsub/lib/python3.10/site-packages/py_pubsub-0.0.0-py3.10.egg-info
[1.212s] running install_scripts
[1.242s] Installing number_publisher script to /root/ws/install/py_pubsub/lib/py_pubsub
[1.243s] Installing square_subscriber script to /root/ws/install/py_pubsub/lib/py_pubsub
[1.243s] writing list of installed files to '/root/ws/build/py_pubsub/install.log'
[1.281s] Invoked command in '/root/ws/src/py_pubsub' returned '0': PYTHONPATH=/root/ws/build/py_pubsub/prefix_override:/usr/lib/python3/dist-packages/colcon_core/task/python/colcon_distutils_commands:/root/ws/install/py_pubsub/lib/python3.10/site-packages:${PYTHONPATH} /usr/bin/python3 -W ignore:setup.py install is deprecated -W ignore:easy_install command is deprecated setup.py egg_info --egg-base ../../build/py_pubsub build --build-base /root/ws/build/py_pubsub/build install --record /root/ws/build/py_pubsub/install.log --single-version-externally-managed install_data --force
