[0.133s] DEBUG:colcon:Command line arguments: ['/usr/bin/colcon', 'build']
[0.133s] DEBUG:colcon:Parsed command line arguments: Namespace(log_base=None, log_level=None, verb_name='build', build_base='build', install_base='install', merge_install=False, symlink_install=False, test_result_base=None, continue_on_error=False, executor='parallel', parallel_workers=16, event_handlers=None, ignore_user_meta=False, metas=['./colcon.meta'], base_paths=['.'], packages_ignore=None, packages_ignore_regex=None, paths=None, packages_up_to=None, packages_up_to_regex=None, packages_above=None, packages_above_and_dependencies=None, packages_above_depth=None, packages_select_by_dep=None, packages_skip_by_dep=None, packages_skip_up_to=None, packages_select_build_failed=False, packages_skip_build_finished=False, packages_select_test_failures=False, packages_skip_test_passed=False, packages_select=None, packages_skip=None, packages_select_regex=None, packages_skip_regex=None, packages_start=None, packages_end=None, cmake_args=None, cmake_target=None, cmake_target_skip_unavailable=False, cmake_clean_cache=False, cmake_clean_first=False, cmake_force_configure=False, ament_cmake_args=None, catkin_cmake_args=None, catkin_skip_building_tests=False, mixin_files=None, mixin=None, verb_parser=<colcon_mixin.mixin.mixin_argument.MixinArgumentDecorator object at 0x767a1c01fd90>, verb_extension=<colcon_core.verb.build.BuildVerb object at 0x767a1c01f8b0>, main=<bound method BuildVerb.main of <colcon_core.verb.build.BuildVerb object at 0x767a1c01f8b0>>, mixin_verb=('build',))
[0.289s] Level 1:colcon.colcon_core.package_discovery:discover_packages(colcon_meta) check parameters
[0.290s] INFO:colcon.colcon_metadata.package_discovery.colcon_meta:Using configuration from '/root/.colcon/metadata/default/Gazebo.meta'
[0.290s] INFO:colcon.colcon_metadata.package_discovery.colcon_meta:Using configuration from '/root/.colcon/metadata/default/fastdds.meta'
[0.291s] INFO:colcon.colcon_metadata.package_discovery.colcon_meta:Using configuration from '/root/.colcon/metadata/default/fastrtps.meta'
[0.291s] Level 1:colcon.colcon_core.package_discovery:discover_packages(recursive) check parameters
[0.291s] Level 1:colcon.colcon_core.package_discovery:discover_packages(ignore) check parameters
[0.291s] Level 1:colcon.colcon_core.package_discovery:discover_packages(path) check parameters
[0.291s] Level 1:colcon.colcon_core.package_discovery:discover_packages(colcon_meta) discover
[0.291s] Level 1:colcon.colcon_core.package_discovery:discover_packages(recursive) discover
[0.291s] INFO:colcon.colcon_core.package_discovery:Crawling recursively for packages in '/root/ros2_ws'
[0.291s] Level 1:colcon.colcon_core.package_identification:_identify(.) by extensions ['ignore', 'ignore_ament_install']
[0.291s] Level 1:colcon.colcon_core.package_identification:_identify(.) by extension 'ignore'
[0.291s] Level 1:colcon.colcon_core.package_identification:_identify(.) by extension 'ignore_ament_install'
[0.291s] Level 1:colcon.colcon_core.package_identification:_identify(.) by extensions ['colcon_pkg']
[0.291s] Level 1:colcon.colcon_core.package_identification:_identify(.) by extension 'colcon_pkg'
[0.291s] Level 1:colcon.colcon_core.package_identification:_identify(.) by extensions ['colcon_meta']
[0.291s] Level 1:colcon.colcon_core.package_identification:_identify(.) by extension 'colcon_meta'
[0.291s] Level 1:colcon.colcon_core.package_identification:_identify(.) by extensions ['ros']
[0.291s] Level 1:colcon.colcon_core.package_identification:_identify(.) by extension 'ros'
[0.305s] Level 1:colcon.colcon_core.package_identification:_identify(.) by extensions ['cmake', 'python']
[0.305s] Level 1:colcon.colcon_core.package_identification:_identify(.) by extension 'cmake'
[0.305s] Level 1:colcon.colcon_core.package_identification:_identify(.) by extension 'python'
[0.305s] Level 1:colcon.colcon_core.package_identification:_identify(.) by extensions ['python_setup_py']
[0.305s] Level 1:colcon.colcon_core.package_identification:_identify(.) by extension 'python_setup_py'
[0.305s] Level 1:colcon.colcon_core.package_identification:_identify(build) by extensions ['ignore', 'ignore_ament_install']
[0.305s] Level 1:colcon.colcon_core.package_identification:_identify(build) by extension 'ignore'
[0.305s] Level 1:colcon.colcon_core.package_identification:_identify(build) ignored
[0.305s] Level 1:colcon.colcon_core.package_identification:_identify(install) by extensions ['ignore', 'ignore_ament_install']
[0.305s] Level 1:colcon.colcon_core.package_identification:_identify(install) by extension 'ignore'
[0.305s] Level 1:colcon.colcon_core.package_identification:_identify(install) ignored
[0.305s] Level 1:colcon.colcon_core.package_identification:_identify(log) by extensions ['ignore', 'ignore_ament_install']
[0.305s] Level 1:colcon.colcon_core.package_identification:_identify(log) by extension 'ignore'
[0.306s] Level 1:colcon.colcon_core.package_identification:_identify(log) ignored
[0.306s] Level 1:colcon.colcon_core.package_identification:_identify(src) by extensions ['ignore', 'ignore_ament_install']
[0.306s] Level 1:colcon.colcon_core.package_identification:_identify(src) by extension 'ignore'
[0.306s] Level 1:colcon.colcon_core.package_identification:_identify(src) by extension 'ignore_ament_install'
[0.306s] Level 1:colcon.colcon_core.package_identification:_identify(src) by extensions ['colcon_pkg']
[0.306s] Level 1:colcon.colcon_core.package_identification:_identify(src) by extension 'colcon_pkg'
[0.306s] Level 1:colcon.colcon_core.package_identification:_identify(src) by extensions ['colcon_meta']
[0.306s] Level 1:colcon.colcon_core.package_identification:_identify(src) by extension 'colcon_meta'
[0.306s] Level 1:colcon.colcon_core.package_identification:_identify(src) by extensions ['ros']
[0.306s] Level 1:colcon.colcon_core.package_identification:_identify(src) by extension 'ros'
[0.306s] Level 1:colcon.colcon_core.package_identification:_identify(src) by extensions ['cmake', 'python']
[0.306s] Level 1:colcon.colcon_core.package_identification:_identify(src) by extension 'cmake'
[0.306s] Level 1:colcon.colcon_core.package_identification:_identify(src) by extension 'python'
[0.306s] Level 1:colcon.colcon_core.package_identification:_identify(src) by extensions ['python_setup_py']
[0.306s] Level 1:colcon.colcon_core.package_identification:_identify(src) by extension 'python_setup_py'
[0.306s] Level 1:colcon.colcon_core.package_identification:_identify(src/build) by extensions ['ignore', 'ignore_ament_install']
[0.306s] Level 1:colcon.colcon_core.package_identification:_identify(src/build) by extension 'ignore'
[0.306s] Level 1:colcon.colcon_core.package_identification:_identify(src/build) ignored
[0.306s] Level 1:colcon.colcon_core.package_identification:_identify(src/install) by extensions ['ignore', 'ignore_ament_install']
[0.307s] Level 1:colcon.colcon_core.package_identification:_identify(src/install) by extension 'ignore'
[0.307s] Level 1:colcon.colcon_core.package_identification:_identify(src/install) ignored
[0.307s] Level 1:colcon.colcon_core.package_identification:_identify(src/log) by extensions ['ignore', 'ignore_ament_install']
[0.307s] Level 1:colcon.colcon_core.package_identification:_identify(src/log) by extension 'ignore'
[0.307s] Level 1:colcon.colcon_core.package_identification:_identify(src/log) ignored
[0.307s] Level 1:colcon.colcon_core.package_identification:_identify(src/my_bot_description) by extensions ['ignore', 'ignore_ament_install']
[0.307s] Level 1:colcon.colcon_core.package_identification:_identify(src/my_bot_description) by extension 'ignore'
[0.307s] Level 1:colcon.colcon_core.package_identification:_identify(src/my_bot_description) by extension 'ignore_ament_install'
[0.307s] Level 1:colcon.colcon_core.package_identification:_identify(src/my_bot_description) by extensions ['colcon_pkg']
[0.307s] Level 1:colcon.colcon_core.package_identification:_identify(src/my_bot_description) by extension 'colcon_pkg'
[0.307s] Level 1:colcon.colcon_core.package_identification:_identify(src/my_bot_description) by extensions ['colcon_meta']
[0.307s] Level 1:colcon.colcon_core.package_identification:_identify(src/my_bot_description) by extension 'colcon_meta'
[0.307s] Level 1:colcon.colcon_core.package_identification:_identify(src/my_bot_description) by extensions ['ros']
[0.307s] Level 1:colcon.colcon_core.package_identification:_identify(src/my_bot_description) by extension 'ros'
[0.310s] DEBUG:colcon.colcon_core.package_identification:Package 'src/my_bot_description' with type 'ros.ament_python' and name 'my_bot_description'
[0.310s] Level 1:colcon.colcon_core.package_identification:_identify(src/my_robot) by extensions ['ignore', 'ignore_ament_install']
[0.310s] Level 1:colcon.colcon_core.package_identification:_identify(src/my_robot) by extension 'ignore'
[0.310s] Level 1:colcon.colcon_core.package_identification:_identify(src/my_robot) by extension 'ignore_ament_install'
[0.310s] Level 1:colcon.colcon_core.package_identification:_identify(src/my_robot) by extensions ['colcon_pkg']
[0.310s] Level 1:colcon.colcon_core.package_identification:_identify(src/my_robot) by extension 'colcon_pkg'
[0.310s] Level 1:colcon.colcon_core.package_identification:_identify(src/my_robot) by extensions ['colcon_meta']
[0.310s] Level 1:colcon.colcon_core.package_identification:_identify(src/my_robot) by extension 'colcon_meta'
[0.310s] Level 1:colcon.colcon_core.package_identification:_identify(src/my_robot) by extensions ['ros']
[0.310s] Level 1:colcon.colcon_core.package_identification:_identify(src/my_robot) by extension 'ros'
[0.311s] DEBUG:colcon.colcon_core.package_identification:Package 'src/my_robot' with type 'ros.ament_python' and name 'my_robot'
[0.311s] Level 1:colcon.colcon_core.package_discovery:discover_packages(recursive) using defaults
[0.311s] Level 1:colcon.colcon_core.package_discovery:discover_packages(ignore) discover
[0.311s] Level 1:colcon.colcon_core.package_discovery:discover_packages(ignore) using defaults
[0.311s] Level 1:colcon.colcon_core.package_discovery:discover_packages(path) discover
[0.311s] Level 1:colcon.colcon_core.package_discovery:discover_packages(path) using defaults
[0.334s] Level 5:colcon.colcon_core.verb:set package 'my_bot_description' build argument 'cmake_args' from command line to 'None'
[0.334s] Level 5:colcon.colcon_core.verb:set package 'my_bot_description' build argument 'cmake_target' from command line to 'None'
[0.334s] Level 5:colcon.colcon_core.verb:set package 'my_bot_description' build argument 'cmake_target_skip_unavailable' from command line to 'False'
[0.334s] Level 5:colcon.colcon_core.verb:set package 'my_bot_description' build argument 'cmake_clean_cache' from command line to 'False'
[0.334s] Level 5:colcon.colcon_core.verb:set package 'my_bot_description' build argument 'cmake_clean_first' from command line to 'False'
[0.334s] Level 5:colcon.colcon_core.verb:set package 'my_bot_description' build argument 'cmake_force_configure' from command line to 'False'
[0.334s] Level 5:colcon.colcon_core.verb:set package 'my_bot_description' build argument 'ament_cmake_args' from command line to 'None'
[0.334s] Level 5:colcon.colcon_core.verb:set package 'my_bot_description' build argument 'catkin_cmake_args' from command line to 'None'
[0.334s] Level 5:colcon.colcon_core.verb:set package 'my_bot_description' build argument 'catkin_skip_building_tests' from command line to 'False'
[0.334s] DEBUG:colcon.colcon_core.verb:Building package 'my_bot_description' with the following arguments: {'ament_cmake_args': None, 'build_base': '/root/ros2_ws/build/my_bot_description', 'catkin_cmake_args': None, 'catkin_skip_building_tests': False, 'cmake_args': None, 'cmake_clean_cache': False, 'cmake_clean_first': False, 'cmake_force_configure': False, 'cmake_target': None, 'cmake_target_skip_unavailable': False, 'install_base': '/root/ros2_ws/install/my_bot_description', 'merge_install': False, 'path': '/root/ros2_ws/src/my_bot_description', 'symlink_install': False, 'test_result_base': None}
[0.334s] Level 5:colcon.colcon_core.verb:set package 'my_robot' build argument 'cmake_args' from command line to 'None'
[0.334s] Level 5:colcon.colcon_core.verb:set package 'my_robot' build argument 'cmake_target' from command line to 'None'
[0.334s] Level 5:colcon.colcon_core.verb:set package 'my_robot' build argument 'cmake_target_skip_unavailable' from command line to 'False'
[0.334s] Level 5:colcon.colcon_core.verb:set package 'my_robot' build argument 'cmake_clean_cache' from command line to 'False'
[0.334s] Level 5:colcon.colcon_core.verb:set package 'my_robot' build argument 'cmake_clean_first' from command line to 'False'
[0.334s] Level 5:colcon.colcon_core.verb:set package 'my_robot' build argument 'cmake_force_configure' from command line to 'False'
[0.334s] Level 5:colcon.colcon_core.verb:set package 'my_robot' build argument 'ament_cmake_args' from command line to 'None'
[0.334s] Level 5:colcon.colcon_core.verb:set package 'my_robot' build argument 'catkin_cmake_args' from command line to 'None'
[0.334s] Level 5:colcon.colcon_core.verb:set package 'my_robot' build argument 'catkin_skip_building_tests' from command line to 'False'
[0.334s] DEBUG:colcon.colcon_core.verb:Building package 'my_robot' with the following arguments: {'ament_cmake_args': None, 'build_base': '/root/ros2_ws/build/my_robot', 'catkin_cmake_args': None, 'catkin_skip_building_tests': False, 'cmake_args': None, 'cmake_clean_cache': False, 'cmake_clean_first': False, 'cmake_force_configure': False, 'cmake_target': None, 'cmake_target_skip_unavailable': False, 'install_base': '/root/ros2_ws/install/my_robot', 'merge_install': False, 'path': '/root/ros2_ws/src/my_robot', 'symlink_install': False, 'test_result_base': None}
[0.335s] INFO:colcon.colcon_core.executor:Executing jobs using 'parallel' executor
[0.337s] DEBUG:colcon.colcon_parallel_executor.executor.parallel:run_until_complete
[0.337s] INFO:colcon.colcon_ros.task.ament_python.build:Building ROS package in '/root/ros2_ws/src/my_bot_description' with build type 'ament_python'
[0.337s] Level 1:colcon.colcon_core.shell:create_environment_hook('my_bot_description', 'ament_prefix_path')
[0.340s] INFO:colcon.colcon_core.plugin_system:Skipping extension 'colcon_core.shell.bat': Not used on non-Windows systems
[0.340s] INFO:colcon.colcon_core.shell:Creating environment hook '/root/ros2_ws/install/my_bot_description/share/my_bot_description/hook/ament_prefix_path.ps1'
[0.341s] INFO:colcon.colcon_core.shell:Creating environment descriptor '/root/ros2_ws/install/my_bot_description/share/my_bot_description/hook/ament_prefix_path.dsv'
[0.342s] INFO:colcon.colcon_core.shell:Creating environment hook '/root/ros2_ws/install/my_bot_description/share/my_bot_description/hook/ament_prefix_path.sh'
[0.343s] INFO:colcon.colcon_core.shell:Skip shell extension 'powershell' for command environment: Not usable outside of PowerShell
[0.344s] DEBUG:colcon.colcon_core.shell:Skip shell extension 'dsv' for command environment
[0.354s] INFO:colcon.colcon_ros.task.ament_python.build:Building ROS package in '/root/ros2_ws/src/my_robot' with build type 'ament_python'
[0.354s] Level 1:colcon.colcon_core.shell:create_environment_hook('my_robot', 'ament_prefix_path')
[0.354s] INFO:colcon.colcon_core.shell:Creating environment hook '/root/ros2_ws/install/my_robot/share/my_robot/hook/ament_prefix_path.ps1'
[0.356s] INFO:colcon.colcon_core.shell:Creating environment descriptor '/root/ros2_ws/install/my_robot/share/my_robot/hook/ament_prefix_path.dsv'
[0.356s] INFO:colcon.colcon_core.shell:Creating environment hook '/root/ros2_ws/install/my_robot/share/my_robot/hook/ament_prefix_path.sh'
[0.357s] INFO:colcon.colcon_core.shell:Skip shell extension 'powershell' for command environment: Not usable outside of PowerShell
[0.357s] DEBUG:colcon.colcon_core.shell:Skip shell extension 'dsv' for command environment
[0.650s] WARNING:colcon.colcon_ros.task.ament_python.build:Package 'my_bot_description' doesn't explicitly install a marker in the package index (colcon-ros currently does it implicitly but that fallback will be removed in the future)
[0.651s] INFO:colcon.colcon_core.task.python.build:Building Python package in '/root/ros2_ws/src/my_bot_description'
[0.652s] INFO:colcon.colcon_core.shell:Skip shell extension 'powershell' for command environment: Not usable outside of PowerShell
[0.652s] DEBUG:colcon.colcon_core.shell:Skip shell extension 'dsv' for command environment
[0.937s] INFO:colcon.colcon_core.task.python.build:Building Python package in '/root/ros2_ws/src/my_robot'
[0.937s] INFO:colcon.colcon_core.shell:Skip shell extension 'powershell' for command environment: Not usable outside of PowerShell
[0.937s] DEBUG:colcon.colcon_core.shell:Skip shell extension 'dsv' for command environment
[1.375s] DEBUG:colcon.colcon_core.event_handler.log_command:Invoking command in '/root/ros2_ws/src/my_bot_description': PYTHONPATH=/root/ros2_ws/build/my_bot_description/prefix_override:/usr/lib/python3/dist-packages/colcon_core/task/python/colcon_distutils_commands:/root/ros2_ws/install/my_bot_description/lib/python3.10/site-packages:${PYTHONPATH} /usr/bin/python3 -W ignore:setup.py install is deprecated -W ignore:easy_install command is deprecated setup.py egg_info --egg-base ../../build/my_bot_description build --build-base /root/ros2_ws/build/my_bot_description/build install --record /root/ros2_ws/build/my_bot_description/install.log --single-version-externally-managed install_data
[1.402s] DEBUG:colcon.colcon_core.event_handler.log_command:Invoking command in '/root/ros2_ws/src/my_robot': PYTHONPATH=/root/ros2_ws/build/my_robot/prefix_override:/usr/lib/python3/dist-packages/colcon_core/task/python/colcon_distutils_commands:/root/ros2_ws/install/my_robot/lib/python3.10/site-packages:${PYTHONPATH} /usr/bin/python3 -W ignore:setup.py install is deprecated -W ignore:easy_install command is deprecated setup.py egg_info --egg-base ../../build/my_robot build --build-base /root/ros2_ws/build/my_robot/build install --record /root/ros2_ws/build/my_robot/install.log --single-version-externally-managed install_data
[1.722s] DEBUG:colcon.colcon_core.event_handler.log_command:Invoked command in '/root/ros2_ws/src/my_bot_description' returned '0': PYTHONPATH=/root/ros2_ws/build/my_bot_description/prefix_override:/usr/lib/python3/dist-packages/colcon_core/task/python/colcon_distutils_commands:/root/ros2_ws/install/my_bot_description/lib/python3.10/site-packages:${PYTHONPATH} /usr/bin/python3 -W ignore:setup.py install is deprecated -W ignore:easy_install command is deprecated setup.py egg_info --egg-base ../../build/my_bot_description build --build-base /root/ros2_ws/build/my_bot_description/build install --record /root/ros2_ws/build/my_bot_description/install.log --single-version-externally-managed install_data
[1.726s] Level 1:colcon.colcon_core.environment:checking '/root/ros2_ws/install/my_bot_description' for CMake module files
[1.727s] Level 1:colcon.colcon_core.environment:checking '/root/ros2_ws/install/my_bot_description' for CMake config files
[1.729s] Level 1:colcon.colcon_core.environment:checking '/root/ros2_ws/install/my_bot_description/lib'
[1.729s] Level 1:colcon.colcon_core.environment:checking '/root/ros2_ws/install/my_bot_description/bin'
[1.729s] Level 1:colcon.colcon_core.environment:checking '/root/ros2_ws/install/my_bot_description/lib/pkgconfig/my_bot_description.pc'
[1.729s] Level 1:colcon.colcon_core.environment:checking '/root/ros2_ws/install/my_bot_description/lib/python3.10/site-packages'
[1.729s] Level 1:colcon.colcon_core.shell:create_environment_hook('my_bot_description', 'pythonpath')
[1.730s] INFO:colcon.colcon_core.shell:Creating environment hook '/root/ros2_ws/install/my_bot_description/share/my_bot_description/hook/pythonpath.ps1'
[1.730s] INFO:colcon.colcon_core.shell:Creating environment descriptor '/root/ros2_ws/install/my_bot_description/share/my_bot_description/hook/pythonpath.dsv'
[1.731s] INFO:colcon.colcon_core.shell:Creating environment hook '/root/ros2_ws/install/my_bot_description/share/my_bot_description/hook/pythonpath.sh'
[1.732s] Level 1:colcon.colcon_core.environment:checking '/root/ros2_ws/install/my_bot_description/bin'
[1.732s] Level 1:colcon.colcon_core.environment:create_environment_scripts_only(my_bot_description)
[1.733s] INFO:colcon.colcon_core.shell:Creating package script '/root/ros2_ws/install/my_bot_description/share/my_bot_description/package.ps1'
[1.734s] INFO:colcon.colcon_core.shell:Creating package descriptor '/root/ros2_ws/install/my_bot_description/share/my_bot_description/package.dsv'
[1.735s] INFO:colcon.colcon_core.shell:Creating package script '/root/ros2_ws/install/my_bot_description/share/my_bot_description/package.sh'
[1.736s] INFO:colcon.colcon_core.shell:Creating package script '/root/ros2_ws/install/my_bot_description/share/my_bot_description/package.bash'
[1.737s] INFO:colcon.colcon_core.shell:Creating package script '/root/ros2_ws/install/my_bot_description/share/my_bot_description/package.zsh'
[1.738s] Level 1:colcon.colcon_core.environment:create_file_with_runtime_dependencies(/root/ros2_ws/install/my_bot_description/share/colcon-core/packages/my_bot_description)
[1.748s] Level 1:colcon.colcon_core.environment:checking '/root/ros2_ws/install/my_robot' for CMake module files
[1.749s] DEBUG:colcon.colcon_core.event_handler.log_command:Invoked command in '/root/ros2_ws/src/my_robot' returned '0': PYTHONPATH=/root/ros2_ws/build/my_robot/prefix_override:/usr/lib/python3/dist-packages/colcon_core/task/python/colcon_distutils_commands:/root/ros2_ws/install/my_robot/lib/python3.10/site-packages:${PYTHONPATH} /usr/bin/python3 -W ignore:setup.py install is deprecated -W ignore:easy_install command is deprecated setup.py egg_info --egg-base ../../build/my_robot build --build-base /root/ros2_ws/build/my_robot/build install --record /root/ros2_ws/build/my_robot/install.log --single-version-externally-managed install_data
[1.749s] Level 1:colcon.colcon_core.environment:checking '/root/ros2_ws/install/my_robot' for CMake config files
[1.751s] Level 1:colcon.colcon_core.environment:checking '/root/ros2_ws/install/my_robot/lib'
[1.751s] Level 1:colcon.colcon_core.environment:checking '/root/ros2_ws/install/my_robot/bin'
[1.751s] Level 1:colcon.colcon_core.environment:checking '/root/ros2_ws/install/my_robot/lib/pkgconfig/my_robot.pc'
[1.752s] Level 1:colcon.colcon_core.environment:checking '/root/ros2_ws/install/my_robot/lib/python3.10/site-packages'
[1.752s] Level 1:colcon.colcon_core.shell:create_environment_hook('my_robot', 'pythonpath')
[1.752s] INFO:colcon.colcon_core.shell:Creating environment hook '/root/ros2_ws/install/my_robot/share/my_robot/hook/pythonpath.ps1'
[1.753s] INFO:colcon.colcon_core.shell:Creating environment descriptor '/root/ros2_ws/install/my_robot/share/my_robot/hook/pythonpath.dsv'
[1.754s] INFO:colcon.colcon_core.shell:Creating environment hook '/root/ros2_ws/install/my_robot/share/my_robot/hook/pythonpath.sh'
[1.754s] Level 1:colcon.colcon_core.environment:checking '/root/ros2_ws/install/my_robot/bin'
[1.755s] Level 1:colcon.colcon_core.environment:create_environment_scripts_only(my_robot)
[1.755s] INFO:colcon.colcon_core.shell:Creating package script '/root/ros2_ws/install/my_robot/share/my_robot/package.ps1'
[1.756s] INFO:colcon.colcon_core.shell:Creating package descriptor '/root/ros2_ws/install/my_robot/share/my_robot/package.dsv'
[1.756s] INFO:colcon.colcon_core.shell:Creating package script '/root/ros2_ws/install/my_robot/share/my_robot/package.sh'
[1.757s] INFO:colcon.colcon_core.shell:Creating package script '/root/ros2_ws/install/my_robot/share/my_robot/package.bash'
[1.757s] INFO:colcon.colcon_core.shell:Creating package script '/root/ros2_ws/install/my_robot/share/my_robot/package.zsh'
[1.758s] Level 1:colcon.colcon_core.environment:create_file_with_runtime_dependencies(/root/ros2_ws/install/my_robot/share/colcon-core/packages/my_robot)
[1.758s] DEBUG:colcon.colcon_parallel_executor.executor.parallel:closing loop
[1.759s] DEBUG:colcon.colcon_parallel_executor.executor.parallel:loop closed
[1.759s] DEBUG:colcon.colcon_parallel_executor.executor.parallel:run_until_complete finished with '0'
[1.760s] DEBUG:colcon.colcon_core.event_reactor:joining thread
[1.796s] INFO:colcon.colcon_core.plugin_system:Skipping extension 'colcon_notification.desktop_notification.notify_send': Could not find 'notify-send'
[1.796s] INFO:colcon.colcon_core.plugin_system:Skipping extension 'colcon_notification.desktop_notification.terminal_notifier': Not used on non-Darwin systems
[1.796s] INFO:colcon.colcon_core.plugin_system:Skipping extension 'colcon_notification.desktop_notification.win32': Not used on non-Windows systems
[1.796s] INFO:colcon.colcon_notification.desktop_notification:Sending desktop notification using 'notify2'
[1.801s] DEBUG:colcon.colcon_notification.desktop_notification.notify2:Failed to initialize notify2: org.freedesktop.DBus.Error.Spawn.ExecFailed: /usr/bin/dbus-launch terminated abnormally without any error message
[1.801s] DEBUG:colcon.colcon_core.event_reactor:joined thread
[1.802s] INFO:colcon.colcon_core.shell:Creating prefix script '/root/ros2_ws/install/local_setup.ps1'
[1.804s] INFO:colcon.colcon_core.shell:Creating prefix util module '/root/ros2_ws/install/_local_setup_util_ps1.py'
[1.805s] INFO:colcon.colcon_core.shell:Creating prefix chain script '/root/ros2_ws/install/setup.ps1'
[1.807s] INFO:colcon.colcon_core.shell:Creating prefix script '/root/ros2_ws/install/local_setup.sh'
[1.807s] INFO:colcon.colcon_core.shell:Creating prefix util module '/root/ros2_ws/install/_local_setup_util_sh.py'
[1.808s] INFO:colcon.colcon_core.shell:Creating prefix chain script '/root/ros2_ws/install/setup.sh'
[1.809s] INFO:colcon.colcon_core.shell:Creating prefix script '/root/ros2_ws/install/local_setup.bash'
[1.810s] INFO:colcon.colcon_core.shell:Creating prefix chain script '/root/ros2_ws/install/setup.bash'
[1.812s] INFO:colcon.colcon_core.shell:Creating prefix script '/root/ros2_ws/install/local_setup.zsh'
[1.813s] INFO:colcon.colcon_core.shell:Creating prefix chain script '/root/ros2_ws/install/setup.zsh'
