[0.775s] Invoking command in '/root/ros2_ws/src/my_robot': PYTHONPATH=/root/ros2_ws/build/my_robot/prefix_override:/usr/lib/python3/dist-packages/colcon_core/task/python/colcon_distutils_commands:/root/ros2_ws/install/my_robot/lib/python3.10/site-packages:${PYTHONPATH} /usr/bin/python3 -W ignore:setup.py install is deprecated -W ignore:easy_install command is deprecated setup.py egg_info --egg-base ../../build/my_robot build --build-base /root/ros2_ws/build/my_robot/build install --record /root/ros2_ws/build/my_robot/install.log --single-version-externally-managed install_data
[0.941s] running egg_info
[0.941s] creating ../../build/my_robot/my_robot.egg-info
[0.941s] writing ../../build/my_robot/my_robot.egg-info/PKG-INFO
[0.942s] writing dependency_links to ../../build/my_robot/my_robot.egg-info/dependency_links.txt
[0.942s] writing entry points to ../../build/my_robot/my_robot.egg-info/entry_points.txt
[0.942s] writing requirements to ../../build/my_robot/my_robot.egg-info/requires.txt
[0.942s] writing top-level names to ../../build/my_robot/my_robot.egg-info/top_level.txt
[0.942s] writing manifest file '../../build/my_robot/my_robot.egg-info/SOURCES.txt'
[0.943s] reading manifest file '../../build/my_robot/my_robot.egg-info/SOURCES.txt'
[0.944s] writing manifest file '../../build/my_robot/my_robot.egg-info/SOURCES.txt'
[0.944s] running build
[0.944s] running build_py
[0.944s] creating /root/ros2_ws/build/my_robot/build
[0.944s] creating /root/ros2_ws/build/my_robot/build/lib
[0.944s] creating /root/ros2_ws/build/my_robot/build/lib/my_robot
[0.944s] copying my_robot/stopper_node.py -> /root/ros2_ws/build/my_robot/build/lib/my_robot
[0.944s] copying my_robot/starter_node.py -> /root/ros2_ws/build/my_robot/build/lib/my_robot
[0.944s] copying my_robot/__init__.py -> /root/ros2_ws/build/my_robot/build/lib/my_robot
[0.944s] running install
[0.945s] running install_lib
[0.945s] creating /root/ros2_ws/install/my_robot/lib/python3.10/site-packages/my_robot
[0.945s] copying /root/ros2_ws/build/my_robot/build/lib/my_robot/stopper_node.py -> /root/ros2_ws/install/my_robot/lib/python3.10/site-packages/my_robot
[0.945s] copying /root/ros2_ws/build/my_robot/build/lib/my_robot/starter_node.py -> /root/ros2_ws/install/my_robot/lib/python3.10/site-packages/my_robot
[0.946s] copying /root/ros2_ws/build/my_robot/build/lib/my_robot/__init__.py -> /root/ros2_ws/install/my_robot/lib/python3.10/site-packages/my_robot
[0.946s] byte-compiling /root/ros2_ws/install/my_robot/lib/python3.10/site-packages/my_robot/stopper_node.py to stopper_node.cpython-310.pyc
[0.947s] byte-compiling /root/ros2_ws/install/my_robot/lib/python3.10/site-packages/my_robot/starter_node.py to starter_node.cpython-310.pyc
[0.947s] byte-compiling /root/ros2_ws/install/my_robot/lib/python3.10/site-packages/my_robot/__init__.py to __init__.cpython-310.pyc
[0.947s] running install_data
[0.947s] creating /root/ros2_ws/install/my_robot/share/ament_index
[0.947s] creating /root/ros2_ws/install/my_robot/share/ament_index/resource_index
[0.947s] creating /root/ros2_ws/install/my_robot/share/ament_index/resource_index/packages
[0.947s] copying resource/my_robot -> /root/ros2_ws/install/my_robot/share/ament_index/resource_index/packages
[0.947s] copying package.xml -> /root/ros2_ws/install/my_robot/share/my_robot
[0.948s] creating /root/ros2_ws/install/my_robot/share/my_robot/launch
[0.948s] copying launch/view_robot.launch.py -> /root/ros2_ws/install/my_robot/share/my_robot/launch
[0.948s] creating /root/ros2_ws/install/my_robot/share/my_robot/urdf
[0.948s] copying urdf/four_wheel_bot.xacro -> /root/ros2_ws/install/my_robot/share/my_robot/urdf
[0.948s] creating /root/ros2_ws/install/my_robot/share/my_robot/world
[0.948s] copying world/obstacle_world.world -> /root/ros2_ws/install/my_robot/share/my_robot/world
[0.948s] running install_egg_info
[0.949s] Copying ../../build/my_robot/my_robot.egg-info to /root/ros2_ws/install/my_robot/lib/python3.10/site-packages/my_robot-0.0.1-py3.10.egg-info
[0.951s] running install_scripts
[0.968s] Installing starter_node script to /root/ros2_ws/install/my_robot/lib/my_robot
[0.968s] Installing stopper_node script to /root/ros2_ws/install/my_robot/lib/my_robot
[0.968s] writing list of installed files to '/root/ros2_ws/build/my_robot/install.log'
[1.014s] Invoked command in '/root/ros2_ws/src/my_robot' returned '0': PYTHONPATH=/root/ros2_ws/build/my_robot/prefix_override:/usr/lib/python3/dist-packages/colcon_core/task/python/colcon_distutils_commands:/root/ros2_ws/install/my_robot/lib/python3.10/site-packages:${PYTHONPATH} /usr/bin/python3 -W ignore:setup.py install is deprecated -W ignore:easy_install command is deprecated setup.py egg_info --egg-base ../../build/my_robot build --build-base /root/ros2_ws/build/my_robot/build install --record /root/ros2_ws/build/my_robot/install.log --single-version-externally-managed install_data
