[0.261s] Invoking command in '/root/ws/src/py_pubsub': PYTHONPATH=/root/ws/build/py_pubsub/prefix_override:/usr/lib/python3/dist-packages/colcon_core/task/python/colcon_distutils_commands:/root/ws/install/py_pubsub/lib/python3.10/site-packages:${PYTHONPATH} /usr/bin/python3 -W ignore:setup.py install is deprecated -W ignore:easy_install command is deprecated setup.py egg_info --egg-base ../../build/py_pubsub build --build-base /root/ws/build/py_pubsub/build install --record /root/ws/build/py_pubsub/install.log --single-version-externally-managed install_data
[0.357s] running egg_info
[0.358s] writing ../../build/py_pubsub/py_pubsub.egg-info/PKG-INFO
[0.358s] writing dependency_links to ../../build/py_pubsub/py_pubsub.egg-info/dependency_links.txt
[0.358s] writing entry points to ../../build/py_pubsub/py_pubsub.egg-info/entry_points.txt
[0.358s] writing requirements to ../../build/py_pubsub/py_pubsub.egg-info/requires.txt
[0.358s] writing top-level names to ../../build/py_pubsub/py_pubsub.egg-info/top_level.txt
[0.359s] reading manifest file '../../build/py_pubsub/py_pubsub.egg-info/SOURCES.txt'
[0.359s] writing manifest file '../../build/py_pubsub/py_pubsub.egg-info/SOURCES.txt'
[0.359s] running build
[0.359s] running build_py
[0.359s] running install
[0.359s] running install_lib
[0.360s] running install_data
[0.360s] running install_egg_info
[0.361s] removing '/root/ws/install/py_pubsub/lib/python3.10/site-packages/py_pubsub-0.0.0-py3.10.egg-info' (and everything under it)
[0.361s] Copying ../../build/py_pubsub/py_pubsub.egg-info to /root/ws/install/py_pubsub/lib/python3.10/site-packages/py_pubsub-0.0.0-py3.10.egg-info
[0.362s] running install_scripts
[0.373s] Installing number_publisher script to /root/ws/install/py_pubsub/lib/py_pubsub
[0.373s] Installing square_subscriber script to /root/ws/install/py_pubsub/lib/py_pubsub
[0.374s] writing list of installed files to '/root/ws/build/py_pubsub/install.log'
[0.387s] Invoked command in '/root/ws/src/py_pubsub' returned '0': PYTHONPATH=/root/ws/build/py_pubsub/prefix_override:/usr/lib/python3/dist-packages/colcon_core/task/python/colcon_distutils_commands:/root/ws/install/py_pubsub/lib/python3.10/site-packages:${PYTHONPATH} /usr/bin/python3 -W ignore:setup.py install is deprecated -W ignore:easy_install command is deprecated setup.py egg_info --egg-base ../../build/py_pubsub build --build-base /root/ws/build/py_pubsub/build install --record /root/ws/build/py_pubsub/install.log --single-version-externally-managed install_data
