[0.512s] Invoking command in '/root/ros2_ws/src/my_robot': PYTHONPATH=/root/ros2_ws/build/my_robot/prefix_override:/usr/lib/python3/dist-packages/colcon_core/task/python/colcon_distutils_commands:/root/ros2_ws/install/my_robot/lib/python3.10/site-packages:${PYTHONPATH} /usr/bin/python3 -W ignore:setup.py install is deprecated -W ignore:easy_install command is deprecated setup.py egg_info --egg-base ../../build/my_robot build --build-base /root/ros2_ws/build/my_robot/build install --record /root/ros2_ws/build/my_robot/install.log --single-version-externally-managed install_data
[0.675s] running egg_info
[0.676s] writing ../../build/my_robot/my_robot.egg-info/PKG-INFO
[0.676s] writing dependency_links to ../../build/my_robot/my_robot.egg-info/dependency_links.txt
[0.676s] writing entry points to ../../build/my_robot/my_robot.egg-info/entry_points.txt
[0.676s] writing requirements to ../../build/my_robot/my_robot.egg-info/requires.txt
[0.676s] writing top-level names to ../../build/my_robot/my_robot.egg-info/top_level.txt
[0.677s] reading manifest file '../../build/my_robot/my_robot.egg-info/SOURCES.txt'
[0.678s] writing manifest file '../../build/my_robot/my_robot.egg-info/SOURCES.txt'
[0.678s] running build
[0.678s] running build_py
[0.679s] running install
[0.679s] running install_lib
[0.680s] running install_data
[0.680s] copying urdf/four_wheel_bot.xacro -> /root/ros2_ws/install/my_robot/share/my_robot/urdf
[0.680s] running install_egg_info
[0.682s] removing '/root/ros2_ws/install/my_robot/lib/python3.10/site-packages/my_robot-0.0.1-py3.10.egg-info' (and everything under it)
[0.682s] Copying ../../build/my_robot/my_robot.egg-info to /root/ros2_ws/install/my_robot/lib/python3.10/site-packages/my_robot-0.0.1-py3.10.egg-info
[0.683s] running install_scripts
[0.701s] Installing starter_node script to /root/ros2_ws/install/my_robot/lib/my_robot
[0.702s] Installing stopper_node script to /root/ros2_ws/install/my_robot/lib/my_robot
[0.702s] writing list of installed files to '/root/ros2_ws/build/my_robot/install.log'
[0.743s] Invoked command in '/root/ros2_ws/src/my_robot' returned '0': PYTHONPATH=/root/ros2_ws/build/my_robot/prefix_override:/usr/lib/python3/dist-packages/colcon_core/task/python/colcon_distutils_commands:/root/ros2_ws/install/my_robot/lib/python3.10/site-packages:${PYTHONPATH} /usr/bin/python3 -W ignore:setup.py install is deprecated -W ignore:easy_install command is deprecated setup.py egg_info --egg-base ../../build/my_robot build --build-base /root/ros2_ws/build/my_robot/build install --record /root/ros2_ws/build/my_robot/install.log --single-version-externally-managed install_data
