[0.315s] Invoking command in '/root/ws/src/py_pubsub': PYTHONPATH=/root/ws/build/py_pubsub/prefix_override:/usr/lib/python3/dist-packages/colcon_core/task/python/colcon_distutils_commands:/root/ws/install/py_pubsub/lib/python3.10/site-packages:${PYTHONPATH} /usr/bin/python3 -W ignore:setup.py install is deprecated -W ignore:easy_install command is deprecated setup.py egg_info --egg-base ../../build/py_pubsub build --build-base /root/ws/build/py_pubsub/build install --record /root/ws/build/py_pubsub/install.log --single-version-externally-managed install_data
[0.411s] running egg_info
[0.411s] writing ../../build/py_pubsub/py_pubsub.egg-info/PKG-INFO
[0.412s] writing dependency_links to ../../build/py_pubsub/py_pubsub.egg-info/dependency_links.txt
[0.412s] writing entry points to ../../build/py_pubsub/py_pubsub.egg-info/entry_points.txt
[0.412s] writing requirements to ../../build/py_pubsub/py_pubsub.egg-info/requires.txt
[0.412s] writing top-level names to ../../build/py_pubsub/py_pubsub.egg-info/top_level.txt
[0.413s] reading manifest file '../../build/py_pubsub/py_pubsub.egg-info/SOURCES.txt'
[0.414s] writing manifest file '../../build/py_pubsub/py_pubsub.egg-info/SOURCES.txt'
[0.414s] running build
[0.414s] running build_py
[0.415s] copying py_pubsub/number_publisher.py -> /root/ws/build/py_pubsub/build/lib/py_pubsub
[0.415s] copying py_pubsub/square_subscriber.py -> /root/ws/build/py_pubsub/build/lib/py_pubsub
[0.415s] running install
[0.415s] running install_lib
[0.416s] copying /root/ws/build/py_pubsub/build/lib/py_pubsub/number_publisher.py -> /root/ws/install/py_pubsub/lib/python3.10/site-packages/py_pubsub
[0.416s] copying /root/ws/build/py_pubsub/build/lib/py_pubsub/square_subscriber.py -> /root/ws/install/py_pubsub/lib/python3.10/site-packages/py_pubsub
[0.416s] byte-compiling /root/ws/install/py_pubsub/lib/python3.10/site-packages/py_pubsub/number_publisher.py to number_publisher.cpython-310.pyc
[0.417s] byte-compiling /root/ws/install/py_pubsub/lib/python3.10/site-packages/py_pubsub/square_subscriber.py to square_subscriber.cpython-310.pyc
[0.417s] running install_data
[0.417s] running install_egg_info
[0.418s] removing '/root/ws/install/py_pubsub/lib/python3.10/site-packages/py_pubsub-0.0.0-py3.10.egg-info' (and everything under it)
[0.419s] Copying ../../build/py_pubsub/py_pubsub.egg-info to /root/ws/install/py_pubsub/lib/python3.10/site-packages/py_pubsub-0.0.0-py3.10.egg-info
[0.420s] running install_scripts
[0.432s] Installing number_publisher script to /root/ws/install/py_pubsub/lib/py_pubsub
[0.432s] Installing square_subscriber script to /root/ws/install/py_pubsub/lib/py_pubsub
[0.432s] writing list of installed files to '/root/ws/build/py_pubsub/install.log'
[0.446s] Invoked command in '/root/ws/src/py_pubsub' returned '0': PYTHONPATH=/root/ws/build/py_pubsub/prefix_override:/usr/lib/python3/dist-packages/colcon_core/task/python/colcon_distutils_commands:/root/ws/install/py_pubsub/lib/python3.10/site-packages:${PYTHONPATH} /usr/bin/python3 -W ignore:setup.py install is deprecated -W ignore:easy_install command is deprecated setup.py egg_info --egg-base ../../build/py_pubsub build --build-base /root/ws/build/py_pubsub/build install --record /root/ws/build/py_pubsub/install.log --single-version-externally-managed install_data
